<?xml version="1.0" encoding="UTF-8"?>
<testng-results ignored="0" total="1" passed="1" failed="0" skipped="0">
  <reporter-output>
  </reporter-output>
  <suite started-at="2023-07-22T14:38:50 EDT" name="Default suite" finished-at="2023-07-22T14:38:50 EDT" duration-ms="98">
    <groups>
    </groups>
    <test started-at="2023-07-22T14:38:50 EDT" name="Default test" finished-at="2023-07-22T14:38:50 EDT" duration-ms="98">
      <class name="websitetesting.Abcd">
        <test-method signature="cder()[pri:0, instance:websitetesting.Abcd@77847718]" started-at="2023-07-22T14:38:50 EDT" name="cder" finished-at="2023-07-22T14:38:50 EDT" duration-ms="23" status="PASS">
          <reporter-output>
          </reporter-output>
        </test-method> <!-- cder -->
      </class> <!-- websitetesting.Abcd -->
    </test> <!-- Default test -->
  </suite> <!-- Default suite -->
</testng-results>
